<?xml version="1.0" encoding="UTF-8"?>
<!-- Generated by org.testng.reporters.JUnitReportReporter -->
<testsuite hostname="HARPREET-PC" name="NewFolder.TryFacebook" tests="1" failures="0" timestamp="12 Jun 2016 13:05:34 GMT" time="63.995" errors="0">
  <testcase name="login" time="63.995" classname="NewFolder.TryFacebook"/>
</testsuite> <!-- NewFolder.TryFacebook -->
